<?xml version="1.0" encoding="UTF-8"?>
<!-- Generated by org.testng.reporters.JUnitReportReporter -->
<testsuite hostname="DESKTOP-B719KQA" failures="0" tests="2" name="com.testng.Groups_Demo" time="4.211" errors="0" timestamp="2022-11-18T13:11:36 IST" skipped="0">
  <testcase classname="com.testng.Groups_Demo" name="launchUrl" time="3.990"/>
  <system-out/>
  <testcase classname="com.testng.Groups_Demo" name="maximize" time="0.221"/>
  <system-out/>
</testsuite> <!-- com.testng.Groups_Demo -->
