<?xml version="1.0" encoding="UTF-8"?>
<!-- Generated by org.testng.reporters.JUnitReportReporter -->
<testsuite hostname="DESKTOP-B719KQA" failures="0" tests="2" name="com.demo.Parameter_Demo" time="0.110" errors="0" timestamp="2022-11-17T12:19:11 IST" skipped="0">
  <testcase classname="com.demo.Parameter_Demo" name="userDetails" time="0.010"/>
  <system-out/>
  <testcase classname="com.demo.Parameter_Demo" name="userCredentials" time="0.100"/>
  <system-out/>
</testsuite> <!-- com.demo.Parameter_Demo -->
