<?xml version="1.0" encoding="UTF-8"?>
<!-- Generated by org.testng.reporters.JUnitReportReporter -->
<testsuite hostname="DESKTOP-B719KQA" failures="0" tests="6" name="com.testng.Pri_Des_Ic_It_Demo" time="8.518" errors="0" timestamp="2022-11-18T13:14:54 IST" skipped="0">
  <testcase classname="com.testng.Pri_Des_Ic_It_Demo" name="launch_Url" time="4.168"/>
  <system-out/>
  <testcase classname="com.testng.Pri_Des_Ic_It_Demo" name="refresh" time="1.072"/>
  <system-out/>
  <testcase classname="com.testng.Pri_Des_Ic_It_Demo" name="window_Size" time="0.207"/>
  <system-out/>
  <testcase classname="com.testng.Pri_Des_Ic_It_Demo" name="username" time="0.668"/>
  <system-out/>
  <testcase classname="com.testng.Pri_Des_Ic_It_Demo" name="password" time="0.434"/>
  <system-out/>
  <testcase classname="com.testng.Pri_Des_Ic_It_Demo" name="login" time="1.969"/>
  <system-out/>
</testsuite> <!-- com.testng.Pri_Des_Ic_It_Demo -->
