<?xml version="1.0" encoding="UTF-8"?>
<!-- Generated by org.testng.reporters.JUnitReportReporter -->
<testsuite hostname="DESKTOP-B719KQA" failures="0" tests="1" name="com.PomBaseWithRunner.Fb_Demo" time="3.608" errors="0" timestamp="2022-11-15T21:24:48 IST" skipped="0">
  <testcase classname="com.PomBaseWithRunner.Fb_Demo" name="url" time="3.608"/>
  <system-out/>
</testsuite> <!-- com.PomBaseWithRunner.Fb_Demo -->
