<?xml version="1.0" encoding="UTF-8"?>
<!-- Generated by org.testng.reporters.JUnitReportReporter -->
<testsuite hostname="DESKTOP-B719KQA" failures="0" tests="3" name="com.testng.GroupOfGroups_Demo" time="4.571" errors="0" timestamp="2022-11-18T13:11:00 IST" skipped="0">
  <testcase classname="com.testng.GroupOfGroups_Demo" name="launchUrl" time="3.974"/>
  <system-out/>
  <testcase classname="com.testng.GroupOfGroups_Demo" name="maximize" time="0.230"/>
  <system-out/>
  <testcase classname="com.testng.GroupOfGroups_Demo" name="username" time="0.367"/>
  <system-out/>
</testsuite> <!-- com.testng.GroupOfGroups_Demo -->
