<?xml version="1.0" encoding="UTF-8"?>
<!-- Generated by org.testng.reporters.JUnitReportReporter -->
<testsuite hostname="DESKTOP-B719KQA" failures="0" tests="10" name="com.PomBaseWithRunner.Adactin_RunBase_Pom_TDD" time="72.189" errors="0" timestamp="2022-11-18T18:14:06 IST" skipped="0">
  <testcase classname="com.PomBaseWithRunner.Adactin_RunBase_Pom_TDD" name="launch_Url" time="16.855"/>
  <system-out/>
  <testcase classname="com.PomBaseWithRunner.Adactin_RunBase_Pom_TDD" name="user_Credentials" time="11.948"/>
  <system-out/>
  <testcase classname="com.PomBaseWithRunner.Adactin_RunBase_Pom_TDD" name="select_Room" time="1.088"/>
  <system-out/>
  <testcase classname="com.PomBaseWithRunner.Adactin_RunBase_Pom_TDD" name="date" time="0.764"/>
  <system-out/>
  <testcase classname="com.PomBaseWithRunner.Adactin_RunBase_Pom_TDD" name="person" time="8.289"/>
  <system-out/>
  <testcase classname="com.PomBaseWithRunner.Adactin_RunBase_Pom_TDD" name="update_Hotel" time="6.570"/>
  <system-out/>
  <testcase classname="com.PomBaseWithRunner.Adactin_RunBase_Pom_TDD" name="user_Personal_Details" time="0.967"/>
  <system-out/>
  <testcase classname="com.PomBaseWithRunner.Adactin_RunBase_Pom_TDD" name="creditcard_Details" time="0.531"/>
  <system-out/>
  <testcase classname="com.PomBaseWithRunner.Adactin_RunBase_Pom_TDD" name="creditcard_date" time="5.799"/>
  <system-out/>
  <testcase classname="com.PomBaseWithRunner.Adactin_RunBase_Pom_TDD" name="itinerary_Page" time="19.378"/>
  <system-out/>
</testsuite> <!-- com.PomBaseWithRunner.Adactin_RunBase_Pom_TDD -->
