<?xml version="1.0" encoding="UTF-8"?>
<!-- Generated by org.testng.reporters.JUnitReportReporter -->
<testsuite hostname="DESKTOP-B719KQA" failures="0" tests="3" name="com.testng.TestNG_Hierarchical_Annotations" time="0.037" errors="0" timestamp="2022-11-12T11:18:01 IST" skipped="0">
  <testcase classname="com.testng.TestNG_Hierarchical_Annotations" name="evening" time="0.007"/>
  <system-out/>
  <testcase classname="com.testng.TestNG_Hierarchical_Annotations" name="casual" time="0.021"/>
  <system-out/>
  <testcase classname="com.testng.TestNG_Hierarchical_Annotations" name="summer" time="0.009"/>
  <system-out/>
</testsuite> <!-- com.testng.TestNG_Hierarchical_Annotations -->
